02/08/2025 15:50:20 - INFO - Entrée dans la méthode de répartition
-----------------------------------------------------------------
Plafond : 71808000
Part de chaque enfant :
  - MAYEGA Rémi : 60743000.0 F CFA
  - MAYEGA René : 164473000.0 F CFA
  - MAYEGA Rosalie : 41837000.0 F CFA
Proportion de chaque enfant :
  - MAYEGA Rémi : 0.0%
  - MAYEGA René : 0.0%
  - MAYEGA Rosalie : 0.0%
Part de chaque conjoint :
  - MAYIGA Marie : 381073200.0 F CFA
  - MAYIGA Germaine : 368349600.0 F CFA
Proportion de chaque conjoint :
  - MAYIGA Marie : 0.0%
  - MAYIGA Germaine : 0.0%

02/08/2025 15:50:20 - INFO - Sortie de la méthode de répartition
-----------------------------------------------------------------
Plafond : 71808000
Part de chaque enfant :
  - MAYEGA Rémi : 4291133.49 F CFA
  - MAYEGA René : 11619044.14 F CFA
  - MAYEGA Rosalie : 2955536.47 F CFA
Proportion de chaque enfant :
  - MAYEGA Rémi : 5.98%
  - MAYEGA René : 16.18%
  - MAYEGA Rosalie : 4.12%
Part de chaque conjoint :
  - MAYIGA Marie : 26920566.48 F CFA
  - MAYIGA Germaine : 26021719.43 F CFA
Proportion de chaque conjoint :
  - MAYIGA Marie : 37.49%
  - MAYIGA Germaine : 36.24%

04/08/2025 08:30:42 - INFO - Entrée dans la méthode de répartition
-----------------------------------------------------------------
-----------------------------------------------------------------
                              Préjudice économique 
-----------------------------------------------------------------
Plafond : 71808000
Part de chaque enfant :
  - MAYEGA Rémi : 60743000.0 F CFA
  - MAYEGA René : 164473000.0 F CFA
  - MAYEGA Rosalie : 41837000.0 F CFA
Proportion de chaque enfant :
  - MAYEGA Rémi : 0.0%
  - MAYEGA René : 0.0%
  - MAYEGA Rosalie : 0.0%
Part de chaque conjoint :
  - MAYIGA Marie : 381073200.0 F CFA
  - MAYIGA Germaine : 368349600.0 F CFA
Proportion de chaque conjoint :
  - MAYIGA Marie : 0.0%
  - MAYIGA Germaine : 0.0%

04/08/2025 08:30:42 - INFO - Sortie de la méthode de répartition
-----------------------------------------------------------------
-----------------------------------------------------------------
                              Préjudice économique 
-----------------------------------------------------------------
Plafond : 71808000
Part de chaque enfant :
  - MAYEGA Rémi : 4291133.49 F CFA
  - MAYEGA René : 11619044.14 F CFA
  - MAYEGA Rosalie : 2955536.47 F CFA
Proportion de chaque enfant :
  - MAYEGA Rémi : 5.98%
  - MAYEGA René : 16.18%
  - MAYEGA Rosalie : 4.12%
Part de chaque conjoint :
  - MAYIGA Marie : 26920566.48 F CFA
  - MAYIGA Germaine : 26021719.43 F CFA
Proportion de chaque conjoint :
  - MAYIGA Marie : 37.49%
  - MAYIGA Germaine : 36.24%

